
=== Wed Feb 15 02:04:04 2023

Packages were changed.
Update Mode: updateDependencies

The following packages were updated:
  com.unity.collab-proxy from version 1.15.1 to 1.17.6
  com.unity.ide.rider from version 2.0.7 to 3.0.15
  com.unity.ide.visualstudio from version 2.0.11 to 2.0.16
  com.unity.ide.vscode from version 1.2.4 to 1.2.5
  com.unity.test-framework from version 1.1.29 to 1.1.31
  com.unity.timeline from version 1.4.8 to 1.6.4

=== Wed Apr 26 10:08:45 2023

Packages were changed.
Update Mode: updateDependencies

The following packages were added:
  com.unity.ai.navigation@1.1.1
The following packages were updated:
  com.unity.collab-proxy from version 1.17.6 to 2.0.0
  com.unity.ide.rider from version 3.0.15 to 3.0.18
  com.unity.ide.visualstudio from version 2.0.16 to 2.0.17
  com.unity.test-framework from version 1.1.31 to 1.1.33
  com.unity.timeline from version 1.6.4 to 1.7.3
